<?xml version="1.0" encoding="UTF-8"?>
<testsuite xmlns:xsi="http://www.w3.org/2001/XMLSchema-instance" xsi:noNamespaceSchemaLocation="https://maven.apache.org/surefire/maven-surefire-plugin/xsd/surefire-test-report-3.0.xsd" version="3.0" name="com.taskmanager.TaskServiceUpdateTest" time="0.143" tests="11" errors="0" skipped="0" failures="0">
  <properties>
[...]
</properties>
  <testcase name="testUpdateTitle_notFound" classname="com.taskmanager.TaskServiceUpdateTest" time="0.053">
    <system-out><![CDATA[
--- New Test Starting ---
Running: testUpdateTitle_notFound
]]></system-out>
  </testcase>
  <testcase name="testUpdateTitle_invalid" classname="com.taskmanager.TaskServiceUpdateTest" time="0">
    <system-out><![CDATA[
--- New Test Starting ---
Running: testUpdateTitle_invalid
]]></system-out>
  </testcase>
  <testcase name="testUpdateTask_notFound" classname="com.taskmanager.TaskServiceUpdateTest" time="0">
    <system-out><![CDATA[
--- New Test Starting ---
Running: testUpdateTask_notFound
]]></system-out>
  </testcase>
  <testcase name="testUpdateTitle_success" classname="com.taskmanager.TaskServiceUpdateTest" time="0.018">
    <system-out><![CDATA[
--- New Test Starting ---
Running: testUpdateTitle_success
]]></system-out>
  </testcase>
  <testcase name="testUpdateTask_success" classname="com.taskmanager.TaskServiceUpdateTest" time="0">
    <system-out><![CDATA[
--- New Test Starting ---
Running: testUpdateTask_success
]]></system-out>
  </testcase>
  <testcase name="testMarkDone_notFound" classname="com.taskmanager.TaskServiceUpdateTest" time="0">
    <system-out><![CDATA[
--- New Test Starting ---
Running: testMarkDone_notFound
]]></system-out>
  </testcase>
  <testcase name="testUpdateTask_null" classname="com.taskmanager.TaskServiceUpdateTest" time="0">
    <system-out><![CDATA[
--- New Test Starting ---
Running: testUpdateTask_null
]]></system-out>
  </testcase>
  <testcase name="testMarkDone_success" classname="com.taskmanager.TaskServiceUpdateTest" time="0">
    <system-out><![CDATA[
--- New Test Starting ---
Running: testMarkDone_success
]]></system-out>
  </testcase>
  <testcase name="testMarkDone_multipleTimes" classname="com.taskmanager.TaskServiceUpdateTest" time="0.012">
    <system-out><![CDATA[
--- New Test Starting ---
Running repeated test: markDone
]]></system-out>
  </testcase>
  <testcase name="testMarkDone_multipleTimes" classname="com.taskmanager.TaskServiceUpdateTest" time="0">
    <system-out><![CDATA[
--- New Test Starting ---
Running repeated test: markDone
]]></system-out>
  </testcase>
  <testcase name="testMarkDone_multipleTimes" classname="com.taskmanager.TaskServiceUpdateTest" time="0">
    <system-out><![CDATA[
--- New Test Starting ---
Running repeated test: markDone
]]></system-out>
  </testcase>
</testsuite>